TN:
SF:src/implementation/UserRepository.js
FN:4,<instance_members_initializer>
FN:9,add
FN:19,listTecnologies
FN:27,edit
FN:31,list
FN:41,delete
FNF:6
FNH:4
FNDA:2,<instance_members_initializer>
FNDA:2,add
FNDA:1,listTecnologies
FNDA:0,edit
FNDA:2,list
FNDA:0,delete
DA:1,2
DA:2,2
DA:3,2
DA:4,2
DA:5,2
DA:6,2
DA:7,2
DA:8,2
DA:9,2
DA:10,2
DA:11,2
DA:12,2
DA:13,2
DA:14,2
DA:15,2
DA:16,2
DA:17,2
DA:18,2
DA:19,2
DA:20,1
DA:21,1
DA:22,0
DA:23,0
DA:24,1
DA:25,1
DA:26,2
DA:27,2
DA:28,2
DA:29,2
DA:30,2
DA:31,2
DA:32,2
DA:33,2
DA:34,2
DA:35,0
DA:36,2
DA:37,2
DA:38,2
DA:39,2
DA:40,2
DA:41,2
DA:42,0
DA:43,0
DA:44,2
LF:44
LH:39
BRDA:1,0,0,2
BRDA:4,1,0,2
BRDA:9,2,0,2
BRDA:19,3,0,1
BRDA:21,4,0,0
BRDA:20,5,0,1
BRDA:31,6,0,2
BRDA:35,7,0,0
BRF:8
BRH:6
end_of_record
TN:
SF:src/types/UserTypes.js
FNF:0
FNH:0
DA:1,2
DA:2,2
DA:3,2
DA:4,2
DA:5,2
DA:6,2
DA:7,2
DA:8,2
DA:9,2
DA:10,2
DA:11,2
DA:12,2
DA:13,2
LF:13
LH:13
BRDA:1,0,0,2
BRF:1
BRH:1
end_of_record
TN:
SF:src/useCases/tecnologies/list/useCase.js
FN:8,ListTecnologiesUseCase
FN:15,execute
FNF:2
FNH:2
FNDA:1,ListTecnologiesUseCase
FNDA:1,execute
DA:1,1
DA:2,1
DA:3,1
DA:4,1
DA:5,1
DA:6,1
DA:7,1
DA:8,1
DA:9,1
DA:10,1
DA:11,1
DA:12,1
DA:13,1
DA:14,1
DA:15,1
DA:16,1
DA:17,0
DA:18,0
DA:19,1
DA:20,1
DA:21,1
DA:22,1
DA:23,1
LF:23
LH:21
BRDA:1,0,0,1
BRDA:8,1,0,1
BRDA:15,2,0,1
BRDA:16,3,0,0
BRF:4
BRH:3
end_of_record
TN:
SF:src/useCases/user/add/useCase.js
FN:8,AddUserUseCase
FN:15,execute
FNF:2
FNH:2
FNDA:2,AddUserUseCase
FNDA:4,execute
DA:1,2
DA:2,2
DA:3,2
DA:4,2
DA:5,2
DA:6,2
DA:7,2
DA:8,2
DA:9,2
DA:10,2
DA:11,2
DA:12,2
DA:13,2
DA:14,2
DA:15,2
DA:16,4
DA:17,1
DA:18,1
DA:19,4
DA:20,1
DA:21,1
DA:22,2
DA:23,2
DA:24,4
DA:25,0
DA:26,0
DA:27,2
DA:28,2
DA:29,4
DA:30,2
LF:30
LH:28
BRDA:1,0,0,2
BRDA:8,1,0,2
BRDA:15,2,0,4
BRDA:16,3,0,1
BRDA:19,4,0,3
BRDA:19,5,0,2
BRDA:19,6,0,1
BRDA:24,7,0,0
BRDA:27,8,0,2
BRF:9
BRH:8
end_of_record
